<?xml version="1.0" encoding="UTF-8"?>
<!-- Generated by org.testng.reporters.JUnitXMLReporter -->
<testsuite ignored="1" hostname="DESKTOP-075KU79" failures="0" tests="1" name="Default test" time="56.71" errors="0" timestamp="2024-08-02T10:40:07 IST">
  <testcase classname="co.harvey.tests.HomePageTest" name="searchProduct" time="42.339"/>
  <testcase classname="co.harvey.tests.HomePageTest" name="testHomePage" time="0.0">
    <ignored/>
  </testcase> <!-- testHomePage -->
</testsuite> <!-- Default test -->
