<?xml version="1.0" encoding="UTF-8"?>
<testng-results ignored="1" total="2" passed="1" failed="0" skipped="0">
  <reporter-output>
    <line>
      <![CDATA[20results are displayed.]]>
    </line>
  </reporter-output>
  <suite started-at="2024-08-02T10:39:10 IST" name="Default suite" finished-at="2024-08-02T10:40:07 IST" duration-ms="56710">
    <groups>
    </groups>
    <test started-at="2024-08-02T10:39:10 IST" name="Default test" finished-at="2024-08-02T10:40:07 IST" duration-ms="56710">
      <class name="co.harvey.tests.HomePageTest">
        <test-method is-config="true" signature="preCondition()[pri:0, instance:co.harvey.tests.HomePageTest@7722c3c3]" started-at="2024-08-02T10:39:10 IST" name="preCondition" finished-at="2024-08-02T10:39:24 IST" duration-ms="13751" status="PASS">
          <reporter-output>
          </reporter-output>
        </test-method> <!-- preCondition -->
        <test-method signature="searchProduct()[pri:2, instance:co.harvey.tests.HomePageTest@7722c3c3]" started-at="2024-08-02T10:39:24 IST" name="searchProduct" finished-at="2024-08-02T10:40:06 IST" duration-ms="42339" status="PASS">
          <reporter-output>
            <line>
              <![CDATA[20results are displayed.]]>
            </line>
          </reporter-output>
        </test-method> <!-- searchProduct -->
        <test-method is-config="true" signature="postCondition()[pri:0, instance:co.harvey.tests.HomePageTest@7722c3c3]" started-at="2024-08-02T10:40:06 IST" name="postCondition" finished-at="2024-08-02T10:40:07 IST" duration-ms="500" status="PASS">
          <reporter-output>
          </reporter-output>
        </test-method> <!-- postCondition -->
      </class> <!-- co.harvey.tests.HomePageTest -->
    </test> <!-- Default test -->
  </suite> <!-- Default suite -->
</testng-results>
